<?xml version="1.0" encoding="utf-8"?><testsuites name="pytest tests"><testsuite name="pytest" errors="0" failures="0" skipped="0" tests="55" time="22.516" timestamp="2026-07-17T18:47:38.662779+00:00" hostname="agent-env-42ee225b-ab6b-46d9-89bb-d1a5831b7b65"><testcase classname="tests.backend_iter2_test.TestIntegrations" name="test_get_owner" time="0.449" /><testcase classname="tests.backend_iter2_test.TestIntegrations" name="test_get_forbidden_for_maker" time="0.413" /><testcase classname="tests.backend_iter2_test.TestIntegrations" name="test_put_and_mask" time="0.128" /><testcase classname="tests.backend_iter2_test.TestIntegrations" name="test_test_gst" time="0.071" /><testcase classname="tests.backend_iter2_test.TestIntegrations" name="test_test_bank" time="0.061" /><testcase classname="tests.backend_iter2_test.TestIntegrations" name="test_test_deepfake" time="0.061" /><testcase classname="tests.backend_iter2_test.TestVendorAdapters" name="test_verify_gst" time="0.219" /><testcase classname="tests.backend_iter2_test.TestVendorAdapters" name="test_verify_bank" time="0.130" /><testcase classname="tests.backend_iter2_test.TestVendorPortal" name="test_me" time="0.403" /><testcase classname="tests.backend_iter2_test.TestVendorPortal" name="test_me_forbidden_for_owner" time="0.062" /><testcase classname="tests.backend_iter2_test.TestVendorPortal" name="test_payments" time="0.059" /><testcase classname="tests.backend_iter2_test.TestVendorPortal" name="test_kyc_upload" time="0.071" /><testcase classname="tests.backend_iter2_test.TestVendorPortal" name="test_kyc_review_by_finance" time="0.439" /><testcase classname="tests.backend_iter2_test.TestVendorPortal" name="test_bank_change" time="0.121" /><testcase classname="tests.backend_iter2_test.TestPdfExports" name="test_pdf[daily-risk]" time="0.065" /><testcase classname="tests.backend_iter2_test.TestPdfExports" name="test_pdf[payments-held]" time="0.074" /><testcase classname="tests.backend_iter2_test.TestPdfExports" name="test_pdf[bank-changes]" time="0.067" /><testcase classname="tests.backend_iter2_test.TestPdfExports" name="test_pdf[duplicate-invoices]" time="0.063" /><testcase classname="tests.backend_iter2_test.TestPdfExports" name="test_pdf[high-risk-approvers]" time="0.063" /><testcase classname="tests.backend_iter2_test.TestPdfExports" name="test_pdf[loss-prevented]" time="0.068" /><testcase classname="tests.backend_iter2_test.TestPdfExports" name="test_pdf[incident-ageing]" time="0.069" /><testcase classname="tests.backend_iter2_test.TestPdfExports" name="test_pdf[vendor-risk-movement]" time="0.066" /><testcase classname="tests.backend_iter2_test.TestPdfExports" name="test_json_regression[daily-risk]" time="0.063" /><testcase classname="tests.backend_iter2_test.TestPdfExports" name="test_json_regression[payments-held]" time="0.067" /><testcase classname="tests.backend_iter2_test.TestPdfExports" name="test_json_regression[bank-changes]" time="0.077" /><testcase classname="tests.backend_iter2_test.TestPdfExports" name="test_json_regression[duplicate-invoices]" time="0.065" /><testcase classname="tests.backend_iter2_test.TestPdfExports" name="test_json_regression[high-risk-approvers]" time="0.067" /><testcase classname="tests.backend_iter2_test.TestPdfExports" name="test_json_regression[loss-prevented]" time="0.062" /><testcase classname="tests.backend_iter2_test.TestPdfExports" name="test_json_regression[incident-ageing]" time="0.058" /><testcase classname="tests.backend_iter2_test.TestPdfExports" name="test_json_regression[vendor-risk-movement]" time="0.058" /><testcase classname="tests.backend_test.TestAuth" name="test_login_and_me" time="0.397" /><testcase classname="tests.backend_test.TestAuth" name="test_login_invalid" time="0.353" /><testcase classname="tests.backend_test.TestDashboard" name="test_summary" time="0.414" /><testcase classname="tests.backend_test.TestPayments" name="test_list_and_kirloskar_present" time="0.076" /><testcase classname="tests.backend_test.TestPayments" name="test_filter_status" time="0.088" /><testcase classname="tests.backend_test.TestPayments" name="test_maker_checker_separation" time="0.489" /><testcase classname="tests.backend_test.TestPayments" name="test_checker_can_approve_maker_payment" time="0.419" /><testcase classname="tests.backend_test.TestPayments" name="test_callback_records" time="0.193" /><testcase classname="tests.backend_test.TestVendors" name="test_list_vendors" time="0.068" /><testcase classname="tests.backend_test.TestBeneficiary" name="test_pending_kirloskar" time="0.070" /><testcase classname="tests.backend_test.TestBeneficiary" name="test_approve_flow_requires_callback" time="0.553" /><testcase classname="tests.backend_test.TestComms" name="test_ceo_impersonation" time="8.475" /><testcase classname="tests.backend_test.TestVoice" name="test_voice_analyze" time="0.084" /><testcase classname="tests.backend_test.TestInvoiceScanner" name="test_scan_jpeg" time="5.640" /><testcase classname="tests.backend_test.TestIncidents" name="test_list_and_seeded" time="0.064" /><testcase classname="tests.backend_test.TestIncidents" name="test_action_lifecycle" time="0.675" /><testcase classname="tests.backend_test.TestReports" name="test_report[daily-risk]" time="0.063" /><testcase classname="tests.backend_test.TestReports" name="test_report[payments-held]" time="0.070" /><testcase classname="tests.backend_test.TestReports" name="test_report[bank-changes]" time="0.064" /><testcase classname="tests.backend_test.TestReports" name="test_report[duplicate-invoices]" time="0.063" /><testcase classname="tests.backend_test.TestReports" name="test_report[high-risk-approvers]" time="0.064" /><testcase classname="tests.backend_test.TestReports" name="test_report[loss-prevented]" time="0.081" /><testcase classname="tests.backend_test.TestReports" name="test_report[incident-ageing]" time="0.068" /><testcase classname="tests.backend_test.TestReports" name="test_report[vendor-risk-movement]" time="0.062" /><testcase classname="tests.backend_test.TestAudit" name="test_audit_has_payment_create" time="0.072" /></testsuite></testsuites>