<?xml version="1.0" encoding="utf-8"?><testsuites name="pytest tests"><testsuite name="pytest" errors="0" failures="0" skipped="0" tests="25" time="8.380" timestamp="2026-07-15T02:41:33.655733+00:00" hostname="agent-env-42ee225b-ab6b-46d9-89bb-d1a5831b7b65"><testcase classname="tests.backend_test.TestReports" name="test_report[daily-risk]" time="0.607" /><testcase classname="tests.backend_test.TestPayments" name="test_list_and_kirloskar_present" time="0.669" /><testcase classname="tests.backend_test.TestReports" name="test_report[payments-held]" time="0.045" /><testcase classname="tests.backend_test.TestReports" name="test_report[bank-changes]" time="0.046" /><testcase classname="tests.backend_test.TestPayments" name="test_filter_status" time="0.056" /><testcase classname="tests.backend_test.TestReports" name="test_report[duplicate-invoices]" time="0.044" /><testcase classname="tests.backend_test.TestReports" name="test_report[high-risk-approvers]" time="0.048" /><testcase classname="tests.backend_test.TestReports" name="test_report[loss-prevented]" time="0.266" /><testcase classname="tests.backend_test.TestReports" name="test_report[incident-ageing]" time="0.049" /><testcase classname="tests.backend_test.TestPayments" name="test_maker_checker_separation" time="0.538" /><testcase classname="tests.backend_test.TestReports" name="test_report[vendor-risk-movement]" time="0.047" /><testcase classname="tests.backend_test.TestAuth" name="test_login_and_me" time="0.583" /><testcase classname="tests.backend_test.TestPayments" name="test_checker_can_approve_maker_payment" time="0.808" /><testcase classname="tests.backend_test.TestAuth" name="test_login_invalid" time="0.328" /><testcase classname="tests.backend_test.TestBeneficiary" name="test_pending_kirloskar" time="0.047" /><testcase classname="tests.backend_test.TestPayments" name="test_callback_records" time="0.370" /><testcase classname="tests.backend_test.TestIncidents" name="test_list_and_seeded" time="0.055" /><testcase classname="tests.backend_test.TestBeneficiary" name="test_approve_flow_requires_callback" time="0.764" /><testcase classname="tests.backend_test.TestIncidents" name="test_action_lifecycle" time="0.612" /><testcase classname="tests.backend_test.TestDashboard" name="test_summary" time="0.060" /><testcase classname="tests.backend_test.TestVendors" name="test_list_vendors" time="0.045" /><testcase classname="tests.backend_test.TestInvoiceScanner" name="test_scan_jpeg" time="2.076" /><testcase classname="tests.backend_test.TestComms" name="test_ceo_impersonation" time="4.700" /><testcase classname="tests.backend_test.TestAudit" name="test_audit_has_payment_create" time="0.055" /><testcase classname="tests.backend_test.TestVoice" name="test_voice_analyze" time="0.058" /></testsuite></testsuites>